#
# There is insufficient memory for the Java Runtime Environment to continue.
# Native memory allocation (mmap) failed to map 132120576 bytes for G1 virtual space
# Possible reasons:
#   The system is out of physical RAM or swap space
#   The process is running with CompressedOops enabled, and the Java Heap may be blocking the growth of the native heap
# Possible solutions:
#   Reduce memory load on the system
#   Increase physical memory or swap space
#   Check if swap backing store is full
#   Decrease Java heap size (-Xmx/-Xms)
#   Decrease number of Java threads
#   Decrease Java thread stack sizes (-Xss)
#   Set larger code cache with -XX:ReservedCodeCacheSize=
#   JVM is running with Unscaled Compressed Oops mode in which the Java heap is
#     placed in the first 4GB address space. The Java Heap base address is the
#     maximum limit for the native heap growth. Please use -XX:HeapBaseMinAddress
#     to set the Java Heap base and to place the Java Heap above 4GB virtual address.
# This output file may be truncated or incomplete.
#
#  Out of Memory Error (os_windows.cpp:3466), pid=29292, tid=15052
#
# JRE version:  (16.0.1+9) (build )
# Java VM: Java HotSpot(TM) 64-Bit Server VM (16.0.1+9-24, mixed mode, sharing, tiered, compressed oops, compressed class ptrs, g1 gc, windows-amd64)
# No core dump will be written. Minidumps are not enabled by default on client versions of Windows
#

---------------  S U M M A R Y ------------

Command Line: -Dfile.encoding=UTF-8 library.management.system.studentHome

Host: Intel(R) Core(TM) i5-10210U CPU @ 1.60GHz, 8 cores, 7G,  Windows 10 , 64 bit Build 22000 (10.0.22000.318)
Time: Sat Nov 27 00:36:52 2021 India Standard Time elapsed time: 0.009093 seconds (0d 0h 0m 0s)

---------------  T H R E A D  ---------------

Current thread (0x00000199f95a9bb0):  JavaThread "Unknown thread" [_thread_in_vm, id=15052, stack(0x00000046de100000,0x00000046de200000)]

Stack: [0x00000046de100000,0x00000046de200000]
Native frames: (J=compiled Java code, j=interpreted, Vv=VM code, C=native code)
V  [jvm.dll+0x6687ca]
V  [jvm.dll+0x7ca3c9]
V  [jvm.dll+0x7cbb53]
V  [jvm.dll+0x7cc1b3]
V  [jvm.dll+0x242ea5]
V  [jvm.dll+0x665589]
V  [jvm.dll+0x65a175]
V  [jvm.dll+0x2fc5ab]
V  [jvm.dll+0x3037a6]
V  [jvm.dll+0x352fee]
V  [jvm.dll+0x35321f]
V  [jvm.dll+0x2d3618]
V  [jvm.dll+0x2d4854]
V  [jvm.dll+0x79ccb1]
V  [jvm.dll+0x360de1]
V  [jvm.dll+0x77a990]
V  [jvm.dll+0x3e55af]
V  [jvm.dll+0x3e7081]
C  [jli.dll+0x52fb]
C  [ucrtbase.dll+0x26c0c]
C  [KERNEL32.DLL+0x154e0]
C  [ntdll.dll+0x485b]


---------------  P R O C E S S  ---------------

Threads class SMR info:
_java_thread_list=0x00007ff98e1bcbb8, length=0, elements={
}

Java Threads: ( => current thread )

Other Threads:
  0x00000199f95eb840 GCTaskThread "GC Thread#0" [stack: 0x00000046de200000,0x00000046de300000] [id=27288]
  0x00000199f95fc380 ConcurrentGCThread "G1 Main Marker" [stack: 0x00000046de300000,0x00000046de400000] [id=32748]
  0x00000199f95fce70 ConcurrentGCThread "G1 Conc#0" [stack: 0x00000046de400000,0x00000046de500000] [id=32412]

[error occurred during error reporting (printing all threads), id 0xc0000005, EXCEPTION_ACCESS_VIOLATION (0xc0000005) at pc=0x00007ff98d9944d7]

VM state: not at safepoint (not fully initialized)

VM Mutex/Monitor currently owned by a thread:  ([mutex/lock_event])
[0x00000199f95a6cc0] Heap_lock - owner thread: 0x00000199f95a9bb0

Heap address: 0x0000000083000000, size: 2000 MB, Compressed Oops mode: 32-bit

CDS archive(s) mapped at: [0x0000000000000000-0x0000000000000000-0x0000000000000000), size 0, SharedBaseAddress: 0x0000000800000000, ArchiveRelocationMode: 0.
Narrow klass base: 0x0000000000000000, Narrow klass shift: 0, Narrow klass range: 0x0

GC Precious Log:
<Empty>

Heap:
 garbage-first heap   total 0K, used 0K [0x0000000083000000, 0x0000000100000000)
  region size 1024K, 0 young (0K), 0 survivors (0K)

[error occurred during error reporting (printing heap information), id 0xc0000005, EXCEPTION_ACCESS_VIOLATION (0xc0000005) at pc=0x00007ff98dd724ed]

GC Heap History (0 events):
No events

Deoptimization events (0 events):
No events

Classes unloaded (0 events):
No events

Classes redefined (0 events):
No events

Internal exceptions (0 events):
No events

Events (1 events):
Event: 0.006 Loaded shared library C:\Program Files\Java\jdk-16.0.1\bin\java.dll


Dynamic libraries:
0x00007ff6747d0000 - 0x00007ff6747e0000 	C:\Program Files\Java\jdk-16.0.1\bin\java.exe
0x00007ff9f4c80000 - 0x00007ff9f4e87000 	C:\WINDOWS\SYSTEM32\ntdll.dll
0x00007ff9f3980000 - 0x00007ff9f3a3d000 	C:\WINDOWS\System32\KERNEL32.DLL
0x00007ff9f25d0000 - 0x00007ff9f2944000 	C:\WINDOWS\System32\KERNELBASE.dll
0x00007ff9f2380000 - 0x00007ff9f2491000 	C:\WINDOWS\System32\ucrtbase.dll
0x00007ff9e9da0000 - 0x00007ff9e9db8000 	C:\Program Files\Java\jdk-16.0.1\bin\jli.dll
0x00007ff9ee540000 - 0x00007ff9ee559000 	C:\Program Files\Java\jdk-16.0.1\bin\VCRUNTIME140.dll
0x00007ff9f4570000 - 0x00007ff9f461c000 	C:\WINDOWS\System32\ADVAPI32.dll
0x00007ff9f3a40000 - 0x00007ff9f3ae3000 	C:\WINDOWS\System32\msvcrt.dll
0x00007ff9f3760000 - 0x00007ff9f37fd000 	C:\WINDOWS\System32\sechost.dll
0x00007ff9f4430000 - 0x00007ff9f4551000 	C:\WINDOWS\System32\RPCRT4.dll
0x00007ff9f34c0000 - 0x00007ff9f366c000 	C:\WINDOWS\System32\USER32.dll
0x00007ff9f2350000 - 0x00007ff9f2376000 	C:\WINDOWS\System32\win32u.dll
0x00007ff9cb6b0000 - 0x00007ff9cb955000 	C:\WINDOWS\WinSxS\amd64_microsoft.windows.common-controls_6595b64144ccf1df_6.0.22000.120_none_9d947278b86cc467\COMCTL32.dll
0x00007ff9f3ba0000 - 0x00007ff9f3bc9000 	C:\WINDOWS\System32\GDI32.dll
0x00007ff9f2950000 - 0x00007ff9f2a62000 	C:\WINDOWS\System32\gdi32full.dll
0x00007ff9f2a70000 - 0x00007ff9f2b0d000 	C:\WINDOWS\System32\msvcp_win.dll
0x00007ff9e91a0000 - 0x00007ff9e91aa000 	C:\WINDOWS\SYSTEM32\VERSION.dll
0x00007ff9f3af0000 - 0x00007ff9f3b21000 	C:\WINDOWS\System32\IMM32.DLL
0x00007ff9ef2a0000 - 0x00007ff9ef2ac000 	C:\Program Files\Java\jdk-16.0.1\bin\vcruntime140_1.dll
0x00007ff9af530000 - 0x00007ff9af5c1000 	C:\Program Files\Java\jdk-16.0.1\bin\msvcp140.dll
0x00007ff98d6b0000 - 0x00007ff98e25b000 	C:\Program Files\Java\jdk-16.0.1\bin\server\jvm.dll
0x00007ff9f4c10000 - 0x00007ff9f4c18000 	C:\WINDOWS\System32\PSAPI.DLL
0x00007ff9ef2b0000 - 0x00007ff9ef2b9000 	C:\WINDOWS\SYSTEM32\WSOCK32.dll
0x00007ff9e8b00000 - 0x00007ff9e8b33000 	C:\WINDOWS\SYSTEM32\WINMM.dll
0x00007ff9f3b30000 - 0x00007ff9f3b9f000 	C:\WINDOWS\System32\WS2_32.dll
0x00007ff9f1370000 - 0x00007ff9f1388000 	C:\WINDOWS\SYSTEM32\kernel.appcore.dll
0x00007ff9d94d0000 - 0x00007ff9d94da000 	C:\Program Files\Java\jdk-16.0.1\bin\jimage.dll
0x00007ff9efd10000 - 0x00007ff9eff31000 	C:\WINDOWS\SYSTEM32\DBGHELP.DLL
0x00007ff9d43c0000 - 0x00007ff9d43f1000 	C:\WINDOWS\SYSTEM32\dbgcore.DLL
0x00007ff9f22d0000 - 0x00007ff9f2350000 	C:\WINDOWS\System32\bcryptPrimitives.dll
0x00007ff9ee510000 - 0x00007ff9ee535000 	C:\Program Files\Java\jdk-16.0.1\bin\java.dll

dbghelp: loaded successfully - version: 4.0.5 - missing functions: none
symbol engine: initialized successfully - sym options: 0x614 - pdb path: .;C:\Program Files\Java\jdk-16.0.1\bin;C:\WINDOWS\SYSTEM32;C:\WINDOWS\WinSxS\amd64_microsoft.windows.common-controls_6595b64144ccf1df_6.0.22000.120_none_9d947278b86cc467;C:\Program Files\Java\jdk-16.0.1\bin\server

VM Arguments:
jvm_args: -Dfile.encoding=UTF-8 
java_command: library.management.system.studentHome
java_class_path (initial): C:\Users\HP\Documents\NetBeansProjects\ggg\Library-Management-System\Library-Management-System\src\library\management\system\Jar\rs2xml.jar;C:\Users\HP\Documents\NetBeansProjects\ggg\Library-Management-System\Library-Management-System\src\library\management\system\Jar\jcalendar-tz-1.3.3-4.jar;C:\Users\HP\Downloads\mysql-connector-java-8.0.26\mysql-connector-java-8.0.26\mysql-connector-java-8.0.26.jar;C:\Users\HP\Documents\NetBeansProjects\ggg\Library-Management-System\Library-Management-System\build\classes
Launcher Type: SUN_STANDARD

[Global flags]
     intx CICompilerCount                          = 4                                         {product} {ergonomic}
     uint ConcGCThreads                            = 2                                         {product} {ergonomic}
     uint G1ConcRefinementThreads                  = 8                                         {product} {ergonomic}
   size_t G1HeapRegionSize                         = 1048576                                   {product} {ergonomic}
    uintx GCDrainStackTargetSize                   = 64                                        {product} {ergonomic}
   size_t InitialHeapSize                          = 132120576                                 {product} {ergonomic}
   size_t MarkStackSize                            = 4194304                                   {product} {ergonomic}
   size_t MaxHeapSize                              = 2097152000                                {product} {ergonomic}
   size_t MinHeapDeltaBytes                        = 1048576                                   {product} {ergonomic}
   size_t MinHeapSize                              = 8388608                                   {product} {ergonomic}
    uintx NonNMethodCodeHeapSize                   = 5839372                                {pd product} {ergonomic}
    uintx NonProfiledCodeHeapSize                  = 122909434                              {pd product} {ergonomic}
    uintx ProfiledCodeHeapSize                     = 122909434                              {pd product} {ergonomic}
    uintx ReservedCodeCacheSize                    = 251658240                              {pd product} {ergonomic}
     bool SegmentedCodeCache                       = true                                      {product} {ergonomic}
   size_t SoftMaxHeapSize                          = 2097152000                             {manageable} {ergonomic}
     bool UseCompressedClassPointers               = true                           {product lp64_product} {ergonomic}
     bool UseCompressedOops                        = true                           {product lp64_product} {ergonomic}
     bool UseG1GC                                  = true                                      {product} {ergonomic}
     bool UseLargePagesIndividualAllocation        = false                                  {pd product} {ergonomic}

Logging:
Log output configuration:
 #0: stdout all=warning uptime,level,tags
 #1: stderr all=off uptime,level,tags

Environment Variables:
JAVA_HOME=C:\Program Files\Android\Android Studio\jre
PATH=C:\Program Files\Java\jdk-16.0.1\bin;C:\Program Files\Common Files\Oracle\Java\javapath;C:\Program Files (x86)\Common Files\Oracle\Java\javapath;C:\windows\system32;C:\windows;C:\windows\System32\Wbem;C:\windows\System32\WindowsPowerShell\v1.0\;C:\windows\System32\OpenSSH\;C:\Program Files (x86)\NVIDIA Corporation\PhysX\Common;C:\Program Files\NVIDIA Corporation\NVIDIA NvDLISR;C:\WINDOWS\system32;C:\WINDOWS;C:\WINDOWS\System32\Wbem;C:\WINDOWS\System32\WindowsPowerShell\v1.0\;C:\WINDOWS\System32\OpenSSH\;C:\MinGW\bin;C:\Program Files\Git\cmd;C:\ProgramData\chocolatey\bin;C:\Program Files\MySQL\MySQL Shell 8.0\bin\;C:\Users\HP\AppData\Local\Programs\Python\Python39\Scripts\;C:\Users\HP\AppData\Local\Programs\Python\Python39\;C:\Users\HP\AppData\Local\Microsoft\WindowsApps;C:\Users\HP\AppData\Local\Programs\Microsoft VS Code\bin;C:\Users\HP\AppData\Local\GitHubDesktop\bin;C:\src\flutter\bin;C:\Program Files\Java\jdk-16.0.1\bin;C:\intelFPGA\20.1\modelsim_ase\win32aloem;
USERNAME=HP
OS=Windows_NT
PROCESSOR_IDENTIFIER=Intel64 Family 6 Model 142 Stepping 12, GenuineIntel



---------------  S Y S T E M  ---------------

OS:
 Windows 10 , 64 bit Build 22000 (10.0.22000.318)
OS uptime: 3 days 6:00 hours

CPU: total 8 (initial active 8) (4 cores per cpu, 2 threads per core) family 6 model 142 stepping 12 microcode 0xea, cx8, cmov, fxsr, ht, mmx, 3dnowpref, sse, sse2, sse3, ssse3, sse4.1, sse4.2, popcnt, lzcnt, tsc, tscinvbit, avx, avx2, aes, erms, clmul, bmi1, bmi2, adx, fma, vzeroupper, clflush, clflushopt

Memory: 4k page, system-wide physical 7995M (1283M free)
TotalPageFile size 32571M (AvailPageFile size 70M)
current process WorkingSet (physical memory assigned to process): 10M, peak: 10M
current process commit charge ("private bytes"): 60M, peak: 186M

vm_info: Java HotSpot(TM) 64-Bit Server VM (16.0.1+9-24) for windows-amd64 JRE (16.0.1+9-24), built on Mar 26 2021 19:31:42 by "mach5one" with MS VC++ 16.7 (VS2019)

END.
